<?xml version="1.0" encoding="UTF-8"?>
<testsuite xmlns:xsi="http://www.w3.org/2001/XMLSchema-instance" xsi:noNamespaceSchemaLocation="https://maven.apache.org/surefire/maven-surefire-plugin/xsd/surefire-test-report-3.0.xsd" version="3.0" name="trianglefx.geometry.TriangleValidatorTest" time="0.004" tests="7" errors="0" skipped="0" failures="0">
  <properties>
[...]
</properties>
  <testcase name="returnsFalseWhenAnyPointIsNull" classname="trianglefx.geometry.TriangleValidatorTest" time="0.001"/>
  <testcase name="returnsFalseForAreaWithinTolerance" classname="trianglefx.geometry.TriangleValidatorTest" time="0.0"/>
  <testcase name="returnsFalseForNearDuplicatePointsWithinTolerance" classname="trianglefx.geometry.TriangleValidatorTest" time="0.0"/>
  <testcase name="returnsFalseForExactlyDuplicatePoints" classname="trianglefx.geometry.TriangleValidatorTest" time="0.001"/>
  <testcase name="returnsTrueForValidTriangle" classname="trianglefx.geometry.TriangleValidatorTest" time="0.0"/>
  <testcase name="returnsTrueWhenAreaIsClearlyAboveTolerance" classname="trianglefx.geometry.TriangleValidatorTest" time="0.001"/>
  <testcase name="returnsFalseForCollinearPoints" classname="trianglefx.geometry.TriangleValidatorTest" time="0.0"/>
</testsuite>